20:03:36 [INFO] E2 replication over 5 master seeds: [505, 1009, 2017, 3023, 4099]
20:03:36 [INFO] === E2 replicate master=505 (dir=results/e2_central/seeds/seed505) ===
20:04:18 [INFO] === Architecture B — B_iid ===
20:04:31 [INFO] IID partition: 1 clients, ~50000 samples each
20:04:31 [INFO] FL_MOCK_IROH=1 — forcing mock transport (iroh bypassed)
20:04:32 [INFO] CoAP server [server] listening on 0.0.0.0:5683
20:04:32 [INFO] FLServer server started (mock=True)
20:04:33 [INFO] FL_MOCK_IROH=1 — forcing mock transport (iroh bypassed)
20:04:33 [INFO] CoAP server [client-0] listening on 0.0.0.0:5684
20:04:33 [INFO] FLClient client-0 started (mock=True)
20:04:33 [INFO] Registered client client-0  iroh=mock-client-0
20:04:33 [INFO] Round 1 — sending model to 1 clients…
20:04:33 [INFO] [client-0] client task started (mock=True)
20:04:33 [INFO] [client-0] Round 1 — receiving model…
20:04:33 [INFO] [client-0] Round 1 — training locally…
20:11:18 [INFO] [client-0] Round 1 — sending update…
20:11:18 [INFO] Round 1 — waiting for 1 updates…
20:11:41 [INFO] [client-0] Round 1 done — loss=1.8448 acc=0.3030  428.2s
20:11:41 [INFO] [client-0] Round 2 — receiving model…
20:12:04 [INFO] Round 1/100  acc=0.3700  loss=1.6805  451.0s  clients=1
20:12:04 [INFO] Round 2 — sending model to 1 clients…
20:12:04 [INFO] [client-0] Round 2 — training locally…
20:16:04 [INFO] [client-0] Round 2 — sending update…
20:16:04 [INFO] Round 2 — waiting for 1 updates…
01:05:21 [INFO] [client-0] Round 2 done — loss=1.6480 acc=0.3852  300.8s
01:05:21 [INFO] [client-0] Round 3 — receiving model…
01:05:39 [INFO] Round 2/100  acc=0.4450  loss=1.5130  293.7s  clients=1
01:05:39 [INFO] Round 3 — sending model to 1 clients…
01:05:39 [INFO] [client-0] Round 3 — training locally…
01:08:42 [INFO] [client-0] Round 3 — sending update…
01:08:42 [INFO] Round 3 — waiting for 1 updates…
01:08:53 [INFO] [client-0] Round 3 done — loss=1.5349 acc=0.4365  207.9s
01:08:53 [INFO] [client-0] Round 4 — receiving model…
01:09:04 [INFO] Round 3/100  acc=0.5000  loss=1.4075  203.8s  clients=1
01:09:04 [INFO] Round 4 — sending model to 1 clients…
01:09:04 [INFO] [client-0] Round 4 — training locally…
01:11:37 [INFO] [client-0] Round 4 — sending update…
01:11:37 [INFO] Round 4 — waiting for 1 updates…
01:11:48 [INFO] [client-0] Round 4 done — loss=1.4559 acc=0.4691  175.3s
01:11:48 [INFO] [client-0] Round 5 — receiving model…
01:11:57 [INFO] Round 4/100  acc=0.5333  loss=1.3073  172.8s  clients=1
01:11:57 [INFO] Round 5 — sending model to 1 clients…
01:11:57 [INFO] [client-0] Round 5 — training locally…
01:19:01 [INFO] [client-0] Round 5 — sending update…
01:19:01 [INFO] Round 5 — waiting for 1 updates…
